TN:
SF:lib/helpers.js
FN:8,safeRead
FN:12,safeJSON
FN:16,safeJSON5
FN:20,safeReaddir
FN:24,stripSecrets
FN:35,getSessionStatus
FN:46,getGatewayConfig
FNF:7
FNH:7
FNDA:3,safeRead
FNDA:3,safeJSON
FNDA:5,safeJSON5
FNDA:2,safeReaddir
FNDA:23,stripSecrets
FNDA:8,getSessionStatus
FNDA:2,getGatewayConfig
DA:1,1
DA:2,1
DA:3,1
DA:4,1
DA:6,1
DA:9,3
DA:13,3
DA:17,5
DA:21,2
DA:25,23
DA:26,10
DA:27,9
DA:28,9
DA:29,25
DA:30,10
DA:32,9
DA:36,8
DA:37,8
DA:38,8
DA:39,8
DA:40,8
DA:41,7
DA:42,5
DA:43,3
DA:47,2
DA:48,2
DA:49,2
DA:50,2
DA:56,1
LF:29
LH:29
BRDA:6,0,0,1
BRDA:6,0,1,1
BRDA:25,1,0,13
BRDA:25,1,1,10
BRDA:25,2,0,23
BRDA:25,2,1,21
BRDA:26,3,0,1
BRDA:26,3,1,9
BRDA:29,4,0,15
BRDA:29,4,1,10
BRDA:36,5,0,8
BRDA:36,5,1,1
BRDA:37,6,0,8
BRDA:37,6,1,6
BRDA:40,7,0,1
BRDA:40,7,1,7
BRDA:41,8,0,2
BRDA:41,8,1,5
BRDA:41,9,0,7
BRDA:41,9,1,2
BRDA:42,10,0,2
BRDA:42,10,1,3
BRDA:48,11,0,2
BRDA:48,11,1,0
BRDA:49,12,0,2
BRDA:49,12,1,0
BRDA:51,13,0,2
BRDA:51,13,1,0
BRDA:52,14,0,2
BRDA:52,14,1,1
BRDA:52,14,2,0
BRF:31
BRH:27
end_of_record
TN:
SF:public/app.js
FN:2,(anonymous_0)
FN:4,(anonymous_1)
FN:8,updateUptime
FN:20,updateClock
FN:32,setConnectionStatus
FN:47,(anonymous_5)
FN:64,(anonymous_6)
FN:80,closeModal
FN:89,(anonymous_8)
FN:92,showToast
FN:96,(anonymous_10)
FN:98,(anonymous_11)
FN:104,fetchAll
FN:107,(anonymous_13)
FN:108,(anonymous_14)
FN:109,(anonymous_15)
FN:110,(anonymous_16)
FN:111,(anonymous_17)
FN:112,(anonymous_18)
FN:113,(anonymous_19)
FN:114,(anonymous_20)
FN:142,startPolling
FN:145,stopPolling
FN:154,(anonymous_23)
FN:159,(anonymous_24)
FN:166,(anonymous_25)
FN:170,(anonymous_26)
FNF:27
FNH:0
FNDA:0,(anonymous_0)
FNDA:0,(anonymous_1)
FNDA:0,updateUptime
FNDA:0,updateClock
FNDA:0,setConnectionStatus
FNDA:0,(anonymous_5)
FNDA:0,(anonymous_6)
FNDA:0,closeModal
FNDA:0,(anonymous_8)
FNDA:0,showToast
FNDA:0,(anonymous_10)
FNDA:0,(anonymous_11)
FNDA:0,fetchAll
FNDA:0,(anonymous_13)
FNDA:0,(anonymous_14)
FNDA:0,(anonymous_15)
FNDA:0,(anonymous_16)
FNDA:0,(anonymous_17)
FNDA:0,(anonymous_18)
FNDA:0,(anonymous_19)
FNDA:0,(anonymous_20)
FNDA:0,startPolling
FNDA:0,stopPolling
FNDA:0,(anonymous_23)
FNDA:0,(anonymous_24)
FNDA:0,(anonymous_25)
FNDA:0,(anonymous_26)
DA:2,0
DA:4,0
DA:7,0
DA:9,0
DA:10,0
DA:11,0
DA:12,0
DA:13,0
DA:14,0
DA:16,0
DA:17,0
DA:21,0
DA:22,0
DA:27,0
DA:28,0
DA:31,0
DA:33,0
DA:34,0
DA:35,0
DA:36,0
DA:37,0
DA:38,0
DA:39,0
DA:40,0
DA:42,0
DA:43,0
DA:47,0
DA:48,0
DA:49,0
DA:50,0
DA:51,0
DA:53,0
DA:54,0
DA:55,0
DA:57,0
DA:58,0
DA:59,0
DA:64,0
DA:65,0
DA:66,0
DA:67,0
DA:68,0
DA:69,0
DA:71,0
DA:72,0
DA:73,0
DA:74,0
DA:75,0
DA:81,0
DA:82,0
DA:83,0
DA:84,0
DA:85,0
DA:89,0
DA:93,0
DA:94,0
DA:95,0
DA:96,0
DA:97,0
DA:98,0
DA:101,0
DA:105,0
DA:106,0
DA:107,0
DA:108,0
DA:109,0
DA:110,0
DA:111,0
DA:112,0
DA:113,0
DA:114,0
DA:116,0
DA:117,0
DA:118,0
DA:119,0
DA:120,0
DA:121,0
DA:122,0
DA:123,0
DA:124,0
DA:125,0
DA:127,0
DA:128,0
DA:131,0
DA:134,0
DA:135,0
DA:136,0
DA:138,0
DA:141,0
DA:143,0
DA:146,0
DA:148,0
DA:151,0
DA:152,0
DA:153,0
DA:154,0
DA:155,0
DA:156,0
DA:157,0
DA:159,0
DA:160,0
DA:161,0
DA:162,0
DA:163,0
DA:166,0
DA:167,0
DA:168,0
DA:170,0
DA:171,0
LF:109
LH:0
BRDA:14,0,0,0
BRDA:14,0,1,0
BRDA:35,1,0,0
BRDA:35,1,1,0
BRDA:39,2,0,0
BRDA:39,2,1,0
BRDA:39,2,2,0
BRDA:40,3,0,0
BRDA:40,3,1,0
BRDA:42,4,0,0
BRDA:42,4,1,0
BRDA:43,5,0,0
BRDA:43,5,1,0
BRDA:49,6,0,0
BRDA:49,6,1,0
BRDA:54,7,0,0
BRDA:54,7,1,0
BRDA:55,8,0,0
BRDA:55,8,1,0
BRDA:58,9,0,0
BRDA:58,9,1,0
BRDA:58,10,0,0
BRDA:58,10,1,0
BRDA:66,11,0,0
BRDA:66,11,1,0
BRDA:72,12,0,0
BRDA:72,12,1,0
BRDA:72,13,0,0
BRDA:72,13,1,0
BRDA:75,14,0,0
BRDA:75,14,1,0
BRDA:75,15,0,0
BRDA:75,15,1,0
BRDA:75,16,0,0
BRDA:75,16,1,0
BRDA:83,17,0,0
BRDA:83,17,1,0
BRDA:89,18,0,0
BRDA:89,18,1,0
BRDA:92,19,0,0
BRDA:95,20,0,0
BRDA:95,20,1,0
BRDA:143,21,0,0
BRDA:143,21,1,0
BRDA:146,22,0,0
BRDA:146,22,1,0
BRDA:157,23,0,0
BRDA:157,23,1,0
BRDA:161,24,0,0
BRDA:161,24,1,0
BRDA:162,25,0,0
BRDA:162,25,1,0
BRDA:162,26,0,0
BRDA:162,26,1,0
BRDA:163,27,0,0
BRDA:163,27,1,0
BRF:56
BRH:0
end_of_record
TN:
SF:public/chat-pane.js
FN:2,(anonymous_0)
FN:11,createMessageEl
FN:23,(anonymous_2)
FN:66,sendWs
FN:74,(anonymous_4)
FN:87,(anonymous_5)
FN:128,(anonymous_6)
FN:129,(anonymous_7)
FN:140,(anonymous_8)
FN:143,(anonymous_9)
FN:153,(anonymous_10)
FN:168,(anonymous_11)
FN:203,(anonymous_12)
FN:213,(anonymous_13)
FN:220,(anonymous_14)
FN:230,(anonymous_15)
FNF:16
FNH:0
FNDA:0,(anonymous_0)
FNDA:0,createMessageEl
FNDA:0,(anonymous_2)
FNDA:0,sendWs
FNDA:0,(anonymous_4)
FNDA:0,(anonymous_5)
FNDA:0,(anonymous_6)
FNDA:0,(anonymous_7)
FNDA:0,(anonymous_8)
FNDA:0,(anonymous_9)
FNDA:0,(anonymous_10)
FNDA:0,(anonymous_11)
FNDA:0,(anonymous_12)
FNDA:0,(anonymous_13)
FNDA:0,(anonymous_14)
FNDA:0,(anonymous_15)
DA:2,0
DA:5,0
DA:6,0
DA:7,0
DA:9,0
DA:13,0
DA:14,0
DA:15,0
DA:16,0
DA:17,0
DA:19,0
DA:20,0
DA:21,0
DA:22,0
DA:23,0
DA:25,0
DA:26,0
DA:29,0
DA:30,0
DA:31,0
DA:32,0
DA:33,0
DA:36,0
DA:38,0
DA:39,0
DA:41,0
DA:42,0
DA:43,0
DA:44,0
DA:46,0
DA:47,0
DA:48,0
DA:49,0
DA:51,0
DA:52,0
DA:53,0
DA:54,0
DA:55,0
DA:56,0
DA:57,0
DA:58,0
DA:60,0
DA:62,0
DA:67,0
DA:68,0
DA:70,0
DA:74,0
DA:75,0
DA:76,0
DA:77,0
DA:78,0
DA:81,0
DA:82,0
DA:87,0
DA:88,0
DA:91,0
DA:93,0
DA:94,0
DA:96,0
DA:97,0
DA:100,0
DA:101,0
DA:104,0
DA:105,0
DA:106,0
DA:109,0
DA:110,0
DA:111,0
DA:113,0
DA:116,0
DA:117,0
DA:120,0
DA:121,0
DA:122,0
DA:123,0
DA:124,0
DA:127,0
DA:128,0
DA:131,0
DA:133,0
DA:134,0
DA:135,0
DA:136,0
DA:138,0
DA:139,0
DA:140,0
DA:141,0
DA:144,0
DA:145,0
DA:146,0
DA:150,0
DA:153,0
DA:154,0
DA:155,0
DA:157,0
DA:158,0
DA:159,0
DA:160,0
DA:163,0
DA:164,0
DA:168,0
DA:170,0
DA:171,0
DA:172,0
DA:173,0
DA:175,0
DA:178,0
DA:179,0
DA:180,0
DA:182,0
DA:183,0
DA:186,0
DA:187,0
DA:189,0
DA:191,0
DA:193,0
DA:194,0
DA:197,0
DA:198,0
DA:203,0
DA:204,0
DA:205,0
DA:206,0
DA:208,0
DA:213,0
DA:214,0
DA:215,0
DA:220,0
DA:221,0
DA:222,0
DA:223,0
DA:224,0
DA:230,0
DA:231,0
DA:232,0
DA:233,0
DA:234,0
DA:235,0
DA:236,0
LF:139
LH:0
BRDA:13,0,0,0
BRDA:13,0,1,0
BRDA:13,0,2,0
BRDA:15,1,0,0
BRDA:15,1,1,0
BRDA:16,2,0,0
BRDA:16,2,1,0
BRDA:17,3,0,0
BRDA:17,3,1,0
BRDA:17,4,0,0
BRDA:17,4,1,0
BRDA:20,5,0,0
BRDA:20,5,1,0
BRDA:22,6,0,0
BRDA:22,6,1,0
BRDA:23,7,0,0
BRDA:23,7,1,0
BRDA:23,8,0,0
BRDA:23,8,1,0
BRDA:25,9,0,0
BRDA:25,9,1,0
BRDA:26,10,0,0
BRDA:26,10,1,0
BRDA:26,11,0,0
BRDA:26,11,1,0
BRDA:31,12,0,0
BRDA:31,12,1,0
BRDA:36,13,0,0
BRDA:36,13,1,0
BRDA:54,14,0,0
BRDA:54,14,1,0
BRDA:67,15,0,0
BRDA:67,15,1,0
BRDA:67,16,0,0
BRDA:67,16,1,0
BRDA:77,17,0,0
BRDA:77,17,1,0
BRDA:77,18,0,0
BRDA:77,18,1,0
BRDA:88,19,0,0
BRDA:88,19,1,0
BRDA:88,20,0,0
BRDA:88,20,1,0
BRDA:94,21,0,0
BRDA:94,21,1,0
BRDA:97,22,0,0
BRDA:97,22,1,0
BRDA:97,23,0,0
BRDA:97,23,1,0
BRDA:101,24,0,0
BRDA:101,24,1,0
BRDA:104,25,0,0
BRDA:104,25,1,0
BRDA:104,26,0,0
BRDA:104,26,1,0
BRDA:131,27,0,0
BRDA:131,27,1,0
BRDA:134,28,0,0
BRDA:134,28,1,0
BRDA:135,29,0,0
BRDA:135,29,1,0
BRDA:138,30,0,0
BRDA:138,30,1,0
BRDA:144,31,0,0
BRDA:144,31,1,0
BRDA:146,32,0,0
BRDA:146,32,1,0
BRDA:155,33,0,0
BRDA:155,33,1,0
BRDA:157,34,0,0
BRDA:157,34,1,0
BRDA:170,35,0,0
BRDA:170,35,1,0
BRDA:171,36,0,0
BRDA:171,36,1,0
BRDA:171,37,0,0
BRDA:171,37,1,0
BRDA:173,38,0,0
BRDA:173,38,1,0
BRDA:178,39,0,0
BRDA:178,39,1,0
BRDA:179,40,0,0
BRDA:179,40,1,0
BRDA:180,41,0,0
BRDA:180,41,1,0
BRDA:180,42,0,0
BRDA:180,42,1,0
BRDA:183,43,0,0
BRDA:183,43,1,0
BRDA:187,44,0,0
BRDA:187,44,1,0
BRDA:191,45,0,0
BRDA:191,45,1,0
BRDA:193,46,0,0
BRDA:193,46,1,0
BRDA:198,47,0,0
BRDA:198,47,1,0
BRDA:204,48,0,0
BRDA:204,48,1,0
BRDA:206,49,0,0
BRDA:206,49,1,0
BRDA:214,50,0,0
BRDA:214,50,1,0
BRDA:221,51,0,0
BRDA:221,51,1,0
BRDA:223,52,0,0
BRDA:223,52,1,0
BRDA:233,53,0,0
BRDA:233,53,1,0
BRDA:235,54,0,0
BRDA:235,54,1,0
BRDA:235,55,0,0
BRDA:235,55,1,0
BRDA:236,56,0,0
BRDA:236,56,1,0
BRF:115
BRH:0
end_of_record
TN:
SF:public/utils.js
FN:2,escapeHtml
FN:11,(anonymous_1)
FNF:2
FNH:0
FNDA:0,escapeHtml
FNDA:0,(anonymous_1)
DA:3,0
DA:4,0
DA:5,0
DA:6,0
DA:9,0
DA:10,0
DA:12,0
DA:13,0
DA:14,0
DA:15,0
DA:16,0
DA:17,0
LF:12
LH:0
BRDA:3,0,0,0
BRDA:3,0,1,0
BRDA:9,1,0,0
BRDA:9,1,1,0
BRDA:12,2,0,0
BRDA:12,2,1,0
BRDA:14,3,0,0
BRDA:14,3,1,0
BRDA:15,4,0,0
BRDA:15,4,1,0
BRDA:16,5,0,0
BRDA:16,5,1,0
BRF:12
BRH:0
end_of_record
TN:
SF:public/panels/activity.js
FN:2,(anonymous_0)
FN:4,(anonymous_1)
FN:6,render
FN:8,(anonymous_3)
FNF:4
FNH:0
FNDA:0,(anonymous_0)
FNDA:0,(anonymous_1)
FNDA:0,render
FNDA:0,(anonymous_3)
DA:1,0
DA:2,0
DA:4,0
DA:7,0
DA:8,0
DA:9,0
DA:10,0
DA:11,0
DA:12,0
DA:13,0
DA:22,0
LF:11
LH:0
BRDA:1,0,0,0
BRDA:1,0,1,0
BRDA:11,1,0,0
BRDA:11,1,1,0
BRDA:11,1,2,0
BRDA:12,2,0,0
BRDA:12,2,1,0
BRDA:15,3,0,0
BRDA:15,3,1,0
BRDA:15,4,0,0
BRDA:15,4,1,0
BRF:11
BRH:0
end_of_record
TN:
SF:public/panels/agents.js
FN:2,(anonymous_0)
FN:4,(anonymous_1)
FN:8,render
FN:10,(anonymous_3)
FN:14,(anonymous_4)
FN:32,init
FN:33,(anonymous_6)
FN:39,showAgentSessions
FN:40,(anonymous_8)
FNF:9
FNH:0
FNDA:0,(anonymous_0)
FNDA:0,(anonymous_1)
FNDA:0,render
FNDA:0,(anonymous_3)
FNDA:0,(anonymous_4)
FNDA:0,init
FNDA:0,(anonymous_6)
FNDA:0,showAgentSessions
FNDA:0,(anonymous_8)
DA:1,0
DA:2,0
DA:4,0
DA:6,0
DA:9,0
DA:10,0
DA:11,0
DA:12,0
DA:13,0
DA:14,0
DA:15,0
DA:16,0
DA:17,0
DA:18,0
DA:19,0
DA:20,0
DA:26,0
DA:27,0
DA:28,0
DA:29,0
DA:33,0
DA:34,0
DA:35,0
DA:40,0
DA:41,0
DA:42,0
DA:43,0
DA:44,0
DA:46,0
DA:49,0
LF:30
LH:0
BRDA:1,0,0,0
BRDA:1,0,1,0
BRDA:16,1,0,0
BRDA:16,1,1,0
BRDA:17,2,0,0
BRDA:17,2,1,0
BRDA:18,3,0,0
BRDA:18,3,1,0
BRDA:19,4,0,0
BRDA:19,4,1,0
BRDA:28,5,0,0
BRDA:28,5,1,0
BRDA:29,6,0,0
BRDA:29,6,1,0
BRDA:35,7,0,0
BRDA:35,7,1,0
BRDA:40,8,0,0
BRDA:40,8,1,0
BRDA:41,9,0,0
BRDA:41,9,1,0
BRF:20
BRH:0
end_of_record
TN:
SF:public/panels/cron.js
FN:2,(anonymous_0)
FN:4,(anonymous_1)
FN:9,render
FN:13,(anonymous_3)
FN:59,openEditor
FN:61,(anonymous_5)
FN:70,(anonymous_6)
FN:71,(anonymous_7)
FN:92,(anonymous_8)
FN:105,closeModal
FN:110,updateSessionTargetFields
FN:117,updateScheduleFields
FN:124,save
FN:169,init
FN:173,(anonymous_14)
FN:180,closeCronModal
FN:181,saveCronJob
FNF:17
FNH:0
FNDA:0,(anonymous_0)
FNDA:0,(anonymous_1)
FNDA:0,render
FNDA:0,(anonymous_3)
FNDA:0,openEditor
FNDA:0,(anonymous_5)
FNDA:0,(anonymous_6)
FNDA:0,(anonymous_7)
FNDA:0,(anonymous_8)
FNDA:0,closeModal
FNDA:0,updateSessionTargetFields
FNDA:0,updateScheduleFields
FNDA:0,save
FNDA:0,init
FNDA:0,(anonymous_14)
FNDA:0,closeCronModal
FNDA:0,saveCronJob
DA:1,0
DA:2,0
DA:4,0
DA:6,0
DA:7,0
DA:10,0
DA:11,0
DA:12,0
DA:13,0
DA:14,0
DA:15,0
DA:16,0
DA:17,0
DA:18,0
DA:20,0
DA:21,0
DA:22,0
DA:23,0
DA:24,0
DA:26,0
DA:27,0
DA:28,0
DA:31,0
DA:35,0
DA:37,0
DA:60,0
DA:61,0
DA:62,0
DA:63,0
DA:65,0
DA:66,0
DA:67,0
DA:69,0
DA:70,0
DA:71,0
DA:72,0
DA:75,0
DA:76,0
DA:78,0
DA:79,0
DA:80,0
DA:81,0
DA:82,0
DA:84,0
DA:85,0
DA:86,0
DA:88,0
DA:90,0
DA:91,0
DA:92,0
DA:93,0
DA:97,0
DA:98,0
DA:99,0
DA:100,0
DA:102,0
DA:106,0
DA:107,0
DA:111,0
DA:112,0
DA:113,0
DA:114,0
DA:118,0
DA:119,0
DA:120,0
DA:121,0
DA:125,0
DA:126,0
DA:127,0
DA:128,0
DA:130,0
DA:134,0
DA:135,0
DA:136,0
DA:137,0
DA:138,0
DA:139,0
DA:140,0
DA:142,0
DA:145,0
DA:154,0
DA:155,0
DA:160,0
DA:161,0
DA:162,0
DA:163,0
DA:165,0
DA:170,0
DA:171,0
DA:172,0
DA:173,0
DA:176,0
DA:180,0
DA:181,0
LF:94
LH:0
BRDA:1,0,0,0
BRDA:1,0,1,0
BRDA:11,1,0,0
BRDA:11,1,1,0
BRDA:15,2,0,0
BRDA:15,2,1,0
BRDA:15,3,0,0
BRDA:15,3,1,0
BRDA:16,4,0,0
BRDA:16,4,1,0
BRDA:17,5,0,0
BRDA:17,5,1,0
BRDA:18,6,0,0
BRDA:18,6,1,0
BRDA:20,7,0,0
BRDA:20,7,1,0
BRDA:22,8,0,0
BRDA:22,8,1,0
BRDA:23,9,0,0
BRDA:23,9,1,0
BRDA:24,10,0,0
BRDA:24,10,1,0
BRDA:26,11,0,0
BRDA:26,11,1,0
BRDA:27,12,0,0
BRDA:27,12,1,0
BRDA:28,13,0,0
BRDA:28,13,1,0
BRDA:31,14,0,0
BRDA:31,14,1,0
BRDA:33,15,0,0
BRDA:33,15,1,0
BRDA:35,16,0,0
BRDA:35,16,1,0
BRDA:41,17,0,0
BRDA:41,17,1,0
BRDA:44,18,0,0
BRDA:44,18,1,0
BRDA:44,19,0,0
BRDA:44,19,1,0
BRDA:60,20,0,0
BRDA:60,20,1,0
BRDA:61,21,0,0
BRDA:61,21,1,0
BRDA:62,22,0,0
BRDA:62,22,1,0
BRDA:65,23,0,0
BRDA:65,23,1,0
BRDA:66,24,0,0
BRDA:66,24,1,0
BRDA:70,25,0,0
BRDA:70,25,1,0
BRDA:72,26,0,0
BRDA:72,26,1,0
BRDA:75,27,0,0
BRDA:75,27,1,0
BRDA:78,28,0,0
BRDA:78,28,1,0
BRDA:79,29,0,0
BRDA:79,29,1,0
BRDA:85,30,0,0
BRDA:85,30,1,0
BRDA:86,31,0,0
BRDA:86,31,1,0
BRDA:91,32,0,0
BRDA:91,32,1,0
BRDA:93,33,0,0
BRDA:93,33,1,0
BRDA:97,34,0,0
BRDA:97,34,1,0
BRDA:98,35,0,0
BRDA:98,35,1,0
BRDA:99,36,0,0
BRDA:99,36,1,0
BRDA:100,37,0,0
BRDA:100,37,1,0
BRDA:100,37,2,0
BRDA:112,38,0,0
BRDA:112,38,1,0
BRDA:113,39,0,0
BRDA:113,39,1,0
BRDA:114,40,0,0
BRDA:114,40,1,0
BRDA:119,41,0,0
BRDA:119,41,1,0
BRDA:120,42,0,0
BRDA:120,42,1,0
BRDA:121,43,0,0
BRDA:121,43,1,0
BRDA:125,44,0,0
BRDA:125,44,1,0
BRDA:130,45,0,0
BRDA:130,45,1,0
BRDA:131,46,0,0
BRDA:131,46,1,0
BRDA:134,47,0,0
BRDA:134,47,1,0
BRDA:137,48,0,0
BRDA:137,48,1,0
BRDA:139,49,0,0
BRDA:139,49,1,0
BRDA:140,50,0,0
BRDA:140,50,1,0
BRDA:161,51,0,0
BRDA:161,51,1,0
BRDA:161,52,0,0
BRDA:161,52,1,0
BRDA:173,53,0,0
BRDA:173,53,1,0
BRF:109
BRH:0
end_of_record
TN:
SF:public/panels/models.js
FN:2,(anonymous_0)
FN:4,(anonymous_1)
FN:7,formatTokens
FN:13,render
FN:14,(anonymous_4)
FN:17,(anonymous_5)
FN:22,(anonymous_6)
FN:23,(anonymous_7)
FNF:8
FNH:0
FNDA:0,(anonymous_0)
FNDA:0,(anonymous_1)
FNDA:0,formatTokens
FNDA:0,render
FNDA:0,(anonymous_4)
FNDA:0,(anonymous_5)
FNDA:0,(anonymous_6)
FNDA:0,(anonymous_7)
DA:1,0
DA:2,0
DA:4,0
DA:5,0
DA:8,0
DA:9,0
DA:10,0
DA:14,0
DA:15,0
DA:17,0
DA:18,0
DA:19,0
DA:20,0
DA:21,0
DA:22,0
DA:23,0
DA:25,0
DA:27,0
DA:36,0
LF:19
LH:0
BRDA:1,0,0,0
BRDA:1,0,1,0
BRDA:8,1,0,0
BRDA:8,1,1,0
BRDA:9,2,0,0
BRDA:9,2,1,0
BRDA:15,3,0,0
BRDA:15,3,1,0
BRDA:17,4,0,0
BRDA:17,4,1,0
BRDA:21,5,0,0
BRDA:21,5,1,0
BRDA:25,6,0,0
BRDA:25,6,1,0
BRF:14
BRH:0
end_of_record
TN:
SF:public/panels/session-tree.js
FN:2,(anonymous_0)
FN:4,(anonymous_1)
FN:7,render
FN:12,(anonymous_3)
FN:15,(anonymous_4)
FN:23,(anonymous_5)
FN:24,(anonymous_6)
FN:26,renderNode
FN:49,(anonymous_8)
FN:62,(anonymous_9)
FN:71,toggleNode
FNF:11
FNH:0
FNDA:0,(anonymous_0)
FNDA:0,(anonymous_1)
FNDA:0,render
FNDA:0,(anonymous_3)
FNDA:0,(anonymous_4)
FNDA:0,(anonymous_5)
FNDA:0,(anonymous_6)
FNDA:0,renderNode
FNDA:0,(anonymous_8)
FNDA:0,(anonymous_9)
FNDA:0,toggleNode
DA:1,0
DA:2,0
DA:4,0
DA:5,0
DA:8,0
DA:9,0
DA:11,0
DA:12,0
DA:13,0
DA:14,0
DA:15,0
DA:16,0
DA:17,0
DA:18,0
DA:20,0
DA:23,0
DA:24,0
DA:27,0
DA:28,0
DA:29,0
DA:30,0
DA:31,0
DA:32,0
DA:33,0
DA:34,0
DA:36,0
DA:47,0
DA:48,0
DA:49,0
DA:50,0
DA:51,0
DA:52,0
DA:53,0
DA:55,0
DA:57,0
DA:58,0
DA:61,0
DA:62,0
DA:63,0
DA:64,0
DA:66,0
DA:68,0
DA:72,0
DA:73,0
DA:76,0
LF:45
LH:0
BRDA:1,0,0,0
BRDA:1,0,1,0
BRDA:16,1,0,0
BRDA:16,1,1,0
BRDA:16,2,0,0
BRDA:16,2,1,0
BRDA:17,3,0,0
BRDA:17,3,1,0
BRDA:23,4,0,0
BRDA:23,4,1,0
BRDA:23,5,0,0
BRDA:23,5,1,0
BRDA:24,6,0,0
BRDA:24,6,1,0
BRDA:24,7,0,0
BRDA:24,7,1,0
BRDA:28,8,0,0
BRDA:28,8,1,0
BRDA:29,9,0,0
BRDA:29,9,1,0
BRDA:30,10,0,0
BRDA:30,10,1,0
BRDA:33,11,0,0
BRDA:33,11,1,0
BRDA:33,12,0,0
BRDA:33,12,1,0
BRDA:34,13,0,0
BRDA:34,13,1,0
BRDA:34,14,0,0
BRDA:34,14,1,0
BRDA:37,15,0,0
BRDA:37,15,1,0
BRDA:37,16,0,0
BRDA:37,16,1,0
BRDA:42,17,0,0
BRDA:42,17,1,0
BRDA:47,18,0,0
BRDA:47,18,1,0
BRDA:48,19,0,0
BRDA:48,19,1,0
BRDA:51,20,0,0
BRDA:51,20,1,0
BRDA:52,21,0,0
BRDA:52,21,1,0
BRDA:63,22,0,0
BRDA:63,22,1,0
BRDA:73,23,0,0
BRDA:73,23,1,0
BRF:48
BRH:0
end_of_record
TN:
SF:public/panels/sessions.js
FN:2,(anonymous_0)
FN:4,(anonymous_1)
FN:6,render
FN:8,(anonymous_3)
FNF:4
FNH:0
FNDA:0,(anonymous_0)
FNDA:0,(anonymous_1)
FNDA:0,render
FNDA:0,(anonymous_3)
DA:1,0
DA:2,0
DA:4,0
DA:7,0
DA:8,0
DA:9,0
DA:10,0
DA:11,0
DA:12,0
DA:13,0
DA:22,0
LF:11
LH:0
BRDA:1,0,0,0
BRDA:1,0,1,0
BRDA:9,1,0,0
BRDA:9,1,1,0
BRDA:9,1,2,0
BRDA:11,2,0,0
BRDA:11,2,1,0
BRDA:12,3,0,0
BRDA:12,3,1,0
BRDA:13,4,0,0
BRDA:13,4,1,0
BRDA:13,5,0,0
BRDA:13,5,1,0
BRDA:13,6,0,0
BRDA:13,6,1,0
BRDA:15,7,0,0
BRDA:15,7,1,0
BRF:17
BRH:0
end_of_record
TN:
SF:public/panels/spawn.js
FN:2,(anonymous_0)
FN:4,(anonymous_1)
FN:6,open
FN:15,(anonymous_3)
FN:16,(anonymous_4)
FN:22,(anonymous_5)
FN:31,close
FN:35,launch
FN:82,init
FN:87,(anonymous_9)
FNF:10
FNH:0
FNDA:0,(anonymous_0)
FNDA:0,(anonymous_1)
FNDA:0,open
FNDA:0,(anonymous_3)
FNDA:0,(anonymous_4)
FNDA:0,(anonymous_5)
FNDA:0,close
FNDA:0,launch
FNDA:0,init
FNDA:0,(anonymous_9)
DA:1,0
DA:2,0
DA:4,0
DA:7,0
DA:8,0
DA:9,0
DA:10,0
DA:11,0
DA:12,0
DA:14,0
DA:15,0
DA:16,0
DA:17,0
DA:20,0
DA:21,0
DA:22,0
DA:23,0
DA:27,0
DA:28,0
DA:32,0
DA:36,0
DA:37,0
DA:38,0
DA:40,0
DA:50,0
DA:51,0
DA:52,0
DA:53,0
DA:56,0
DA:57,0
DA:58,0
DA:60,0
DA:61,0
DA:67,0
DA:68,0
DA:70,0
DA:71,0
DA:72,0
DA:74,0
DA:75,0
DA:77,0
DA:78,0
DA:83,0
DA:84,0
DA:85,0
DA:86,0
DA:87,0
DA:88,0
DA:92,0
LF:49
LH:0
BRDA:1,0,0,0
BRDA:1,0,1,0
BRDA:15,1,0,0
BRDA:15,1,1,0
BRDA:21,2,0,0
BRDA:21,2,1,0
BRDA:23,3,0,0
BRDA:23,3,1,0
BRDA:42,4,0,0
BRDA:42,4,1,0
BRDA:43,5,0,0
BRDA:43,5,1,0
BRDA:45,6,0,0
BRDA:45,6,1,0
BRDA:46,7,0,0
BRDA:46,7,1,0
BRDA:50,8,0,0
BRDA:50,8,1,0
BRDA:68,9,0,0
BRDA:68,9,1,0
BRDA:68,10,0,0
BRDA:68,10,1,0
BRDA:71,11,0,0
BRDA:71,11,1,0
BRDA:88,12,0,0
BRDA:88,12,1,0
BRF:26
BRH:0
end_of_record
TN:
SF:public/panels/system.js
FN:2,(anonymous_0)
FN:4,(anonymous_1)
FN:6,render
FN:18,(anonymous_3)
FN:27,(anonymous_4)
FNF:5
FNH:0
FNDA:0,(anonymous_0)
FNDA:0,(anonymous_1)
FNDA:0,render
FNDA:0,(anonymous_3)
FNDA:0,(anonymous_4)
DA:1,0
DA:2,0
DA:4,0
DA:7,0
DA:18,0
DA:19,0
DA:22,0
DA:23,0
DA:24,0
DA:25,0
DA:27,0
DA:28,0
DA:29,0
DA:33,0
DA:34,0
DA:37,0
LF:16
LH:0
BRDA:1,0,0,0
BRDA:1,0,1,0
BRDA:8,1,0,0
BRDA:8,1,1,0
BRDA:9,2,0,0
BRDA:9,2,1,0
BRDA:10,3,0,0
BRDA:10,3,1,0
BRDA:11,4,0,0
BRDA:11,4,1,0
BRDA:12,5,0,0
BRDA:12,5,1,0
BRDA:13,6,0,0
BRDA:13,6,1,0
BRDA:14,7,0,0
BRDA:14,7,1,0
BRDA:15,8,0,0
BRDA:15,8,1,0
BRDA:15,9,0,0
BRDA:15,9,1,0
BRDA:16,10,0,0
BRDA:16,10,1,0
BRDA:16,11,0,0
BRDA:16,11,1,0
BRDA:22,12,0,0
BRDA:22,12,1,0
BRDA:24,13,0,0
BRDA:24,13,1,0
BRDA:28,14,0,0
BRDA:28,14,1,0
BRDA:28,15,0,0
BRDA:28,15,1,0
BRDA:28,16,0,0
BRDA:28,16,1,0
BRDA:34,17,0,0
BRDA:34,17,1,0
BRF:36
BRH:0
end_of_record
TN:
SF:routes/activity.js
FN:7,(anonymous_0)
FN:15,(anonymous_1)
FN:39,(anonymous_2)
FNF:3
FNH:0
FNDA:0,(anonymous_0)
FNDA:0,(anonymous_1)
FNDA:0,(anonymous_2)
DA:1,0
DA:2,0
DA:3,0
DA:5,0
DA:7,0
DA:8,0
DA:9,0
DA:10,0
DA:12,0
DA:13,0
DA:14,0
DA:15,0
DA:16,0
DA:17,0
DA:18,0
DA:19,0
DA:20,0
DA:21,0
DA:22,0
DA:23,0
DA:24,0
DA:25,0
DA:39,0
DA:40,0
DA:43,0
LF:25
LH:0
BRDA:14,0,0,0
BRDA:14,0,1,0
BRDA:15,1,0,0
BRDA:15,1,1,0
BRDA:15,2,0,0
BRDA:15,2,1,0
BRDA:19,3,0,0
BRDA:19,3,1,0
BRDA:24,4,0,0
BRDA:24,4,1,0
BRDA:31,5,0,0
BRDA:31,5,1,0
BRDA:31,6,0,0
BRDA:31,6,1,0
BRF:14
BRH:0
end_of_record
TN:
SF:routes/agents.js
FN:8,(anonymous_0)
FN:10,(anonymous_1)
FN:14,(anonymous_2)
FN:17,(anonymous_3)
FN:26,(anonymous_4)
FN:27,(anonymous_5)
FN:30,(anonymous_6)
FNF:7
FNH:0
FNDA:0,(anonymous_0)
FNDA:0,(anonymous_1)
FNDA:0,(anonymous_2)
FNDA:0,(anonymous_3)
FNDA:0,(anonymous_4)
FNDA:0,(anonymous_5)
FNDA:0,(anonymous_6)
DA:1,0
DA:2,0
DA:3,0
DA:4,0
DA:6,0
DA:8,0
DA:9,0
DA:10,0
DA:11,0
DA:14,0
DA:15,0
DA:16,0
DA:17,0
DA:26,0
DA:27,0
DA:28,0
DA:30,0
DA:31,0
DA:32,0
DA:33,0
DA:35,0
DA:38,0
LF:22
LH:0
BRDA:16,0,0,0
BRDA:16,0,1,0
BRDA:26,1,0,0
BRDA:26,1,1,0
BRDA:26,2,0,0
BRDA:26,2,1,0
BRDA:27,3,0,0
BRDA:27,3,1,0
BRDA:31,4,0,0
BRDA:31,4,1,0
BRDA:32,5,0,0
BRDA:32,5,1,0
BRF:12
BRH:0
end_of_record
TN:
SF:routes/config.js
FN:7,(anonymous_0)
FN:27,(anonymous_1)
FN:30,(anonymous_2)
FN:39,(anonymous_3)
FN:45,(anonymous_4)
FN:52,(anonymous_5)
FN:55,(anonymous_6)
FN:61,(anonymous_7)
FN:62,(anonymous_8)
FN:64,(anonymous_9)
FN:66,(anonymous_10)
FNF:11
FNH:0
FNDA:0,(anonymous_0)
FNDA:0,(anonymous_1)
FNDA:0,(anonymous_2)
FNDA:0,(anonymous_3)
FNDA:0,(anonymous_4)
FNDA:0,(anonymous_5)
FNDA:0,(anonymous_6)
FNDA:0,(anonymous_7)
FNDA:0,(anonymous_8)
FNDA:0,(anonymous_9)
FNDA:0,(anonymous_10)
DA:1,0
DA:2,0
DA:3,0
DA:5,0
DA:7,0
DA:8,0
DA:9,0
DA:10,0
DA:11,0
DA:12,0
DA:13,0
DA:14,0
DA:27,0
DA:28,0
DA:29,0
DA:30,0
DA:34,0
DA:38,0
DA:39,0
DA:41,0
DA:42,0
DA:45,0
DA:46,0
DA:47,0
DA:48,0
DA:49,0
DA:50,0
DA:52,0
DA:53,0
DA:55,0
DA:56,0
DA:59,0
DA:60,0
DA:61,0
DA:62,0
DA:64,0
DA:66,0
DA:67,0
DA:68,0
DA:69,0
DA:70,0
DA:71,0
DA:72,0
DA:73,0
DA:74,0
DA:75,0
DA:77,0
DA:78,0
DA:79,0
DA:80,0
DA:81,0
DA:82,0
DA:83,0
DA:84,0
DA:85,0
DA:86,0
DA:87,0
DA:88,0
DA:89,0
DA:90,0
DA:91,0
DA:92,0
DA:93,0
DA:94,0
DA:95,0
DA:96,0
DA:102,0
DA:105,0
LF:68
LH:0
BRDA:9,0,0,0
BRDA:9,0,1,0
BRDA:10,1,0,0
BRDA:10,1,1,0
BRDA:11,2,0,0
BRDA:11,2,1,0
BRDA:12,3,0,0
BRDA:12,3,1,0
BRDA:13,4,0,0
BRDA:13,4,1,0
BRDA:15,5,0,0
BRDA:15,5,1,0
BRDA:20,6,0,0
BRDA:20,6,1,0
BRDA:21,7,0,0
BRDA:21,7,1,0
BRDA:22,8,0,0
BRDA:22,8,1,0
BRDA:29,9,0,0
BRDA:29,9,1,0
BRDA:31,10,0,0
BRDA:31,10,1,0
BRDA:39,11,0,0
BRDA:39,11,1,0
BRDA:53,12,0,0
BRDA:53,12,1,0
BRDA:56,13,0,0
BRDA:56,13,1,0
BRDA:69,14,0,0
BRDA:69,14,1,0
BRDA:74,15,0,0
BRDA:74,15,1,0
BRDA:74,16,0,0
BRDA:74,16,1,0
BRDA:77,17,0,0
BRDA:77,17,1,0
BRDA:77,18,0,0
BRDA:77,18,1,0
BRDA:79,19,0,0
BRDA:79,19,1,0
BRDA:79,19,2,0
BRDA:82,20,0,0
BRDA:82,20,1,0
BRDA:83,21,0,0
BRDA:83,21,1,0
BRDA:84,22,0,0
BRDA:84,22,1,0
BRDA:85,23,0,0
BRDA:85,23,1,0
BRDA:86,24,0,0
BRDA:86,24,1,0
BRDA:87,25,0,0
BRDA:87,25,1,0
BRF:53
BRH:0
end_of_record
TN:
SF:routes/cron.js
FN:9,(anonymous_0)
FN:14,(anonymous_1)
FN:24,(anonymous_2)
FN:32,(anonymous_3)
FN:56,(anonymous_4)
FN:64,(anonymous_5)
FNF:6
FNH:0
FNDA:0,(anonymous_0)
FNDA:0,(anonymous_1)
FNDA:0,(anonymous_2)
FNDA:0,(anonymous_3)
FNDA:0,(anonymous_4)
FNDA:0,(anonymous_5)
DA:1,0
DA:2,0
DA:3,0
DA:4,0
DA:5,0
DA:7,0
DA:9,0
DA:10,0
DA:11,0
DA:12,0
DA:14,0
DA:21,0
DA:24,0
DA:25,0
DA:26,0
DA:28,0
DA:29,0
DA:30,0
DA:32,0
DA:33,0
DA:35,0
DA:37,0
DA:38,0
DA:39,0
DA:40,0
DA:41,0
DA:44,0
DA:45,0
DA:46,0
DA:48,0
DA:49,0
DA:50,0
DA:52,0
DA:56,0
DA:57,0
DA:58,0
DA:60,0
DA:61,0
DA:62,0
DA:64,0
DA:65,0
DA:67,0
DA:68,0
DA:69,0
DA:71,0
DA:72,0
DA:73,0
DA:75,0
DA:79,0
LF:49
LH:0
BRDA:12,0,0,0
BRDA:12,0,1,0
BRDA:14,1,0,0
BRDA:14,1,1,0
BRDA:17,2,0,0
BRDA:17,2,1,0
BRDA:17,2,2,0
BRDA:18,3,0,0
BRDA:18,3,1,0
BRDA:21,4,0,0
BRDA:21,4,1,0
BRDA:25,5,0,0
BRDA:25,5,1,0
BRDA:30,6,0,0
BRDA:30,6,1,0
BRDA:33,7,0,0
BRDA:33,7,1,0
BRDA:41,8,0,0
BRDA:41,8,1,0
BRDA:44,9,0,0
BRDA:44,9,1,0
BRDA:44,10,0,0
BRDA:44,10,1,0
BRDA:45,11,0,0
BRDA:45,11,1,0
BRDA:45,12,0,0
BRDA:45,12,1,0
BRDA:57,13,0,0
BRDA:57,13,1,0
BRDA:62,14,0,0
BRDA:62,14,1,0
BRDA:65,15,0,0
BRDA:65,15,1,0
BRF:33
BRH:0
end_of_record
TN:
SF:routes/sessions.js
FN:9,(anonymous_0)
FN:22,(anonymous_1)
FN:23,(anonymous_2)
FN:27,(anonymous_3)
FN:44,(anonymous_4)
FN:64,(anonymous_5)
FN:78,(anonymous_6)
FN:79,(anonymous_7)
FNF:8
FNH:0
FNDA:0,(anonymous_0)
FNDA:0,(anonymous_1)
FNDA:0,(anonymous_2)
FNDA:0,(anonymous_3)
FNDA:0,(anonymous_4)
FNDA:0,(anonymous_5)
FNDA:0,(anonymous_6)
FNDA:0,(anonymous_7)
DA:1,0
DA:2,0
DA:3,0
DA:5,0
DA:7,0
DA:9,0
DA:10,0
DA:11,0
DA:12,0
DA:13,0
DA:14,0
DA:15,0
DA:16,0
DA:17,0
DA:18,0
DA:19,0
DA:22,0
DA:23,0
DA:24,0
DA:27,0
DA:28,0
DA:29,0
DA:30,0
DA:32,0
DA:33,0
DA:34,0
DA:35,0
DA:36,0
DA:37,0
DA:38,0
DA:39,0
DA:41,0
DA:44,0
DA:45,0
DA:46,0
DA:47,0
DA:49,0
DA:50,0
DA:51,0
DA:52,0
DA:53,0
DA:57,0
DA:58,0
DA:59,0
DA:60,0
DA:64,0
DA:78,0
DA:79,0
DA:80,0
DA:83,0
LF:50
LH:0
BRDA:15,0,0,0
BRDA:15,0,1,0
BRDA:22,1,0,0
BRDA:22,1,1,0
BRDA:23,2,0,0
BRDA:23,2,1,0
BRDA:23,3,0,0
BRDA:23,3,1,0
BRDA:29,4,0,0
BRDA:29,4,1,0
BRDA:29,5,0,0
BRDA:29,5,1,0
BRDA:32,6,0,0
BRDA:32,6,1,0
BRDA:35,7,0,0
BRDA:35,7,1,0
BRDA:51,8,0,0
BRDA:51,8,1,0
BRDA:59,9,0,0
BRDA:59,9,1,0
BRDA:59,10,0,0
BRDA:59,10,1,0
BRDA:60,11,0,0
BRDA:60,11,1,0
BRDA:67,12,0,0
BRDA:67,12,1,0
BRDA:69,13,0,0
BRDA:69,13,1,0
BRDA:69,14,0,0
BRDA:69,14,1,0
BRDA:70,15,0,0
BRDA:70,15,1,0
BRDA:71,16,0,0
BRDA:71,16,1,0
BRDA:72,17,0,0
BRDA:72,17,1,0
BRDA:73,18,0,0
BRDA:73,18,1,0
BRDA:74,19,0,0
BRDA:74,19,1,0
BRDA:78,20,0,0
BRDA:78,20,1,0
BRDA:79,21,0,0
BRDA:79,21,1,0
BRDA:79,22,0,0
BRDA:79,22,1,0
BRF:46
BRH:0
end_of_record
TN:
SF:routes/spawn.js
FN:20,validateContextFiles
FN:21,(anonymous_1)
FN:25,(anonymous_2)
FN:30,(anonymous_3)
FN:40,(anonymous_4)
FN:63,(anonymous_5)
FNF:6
FNH:0
FNDA:0,validateContextFiles
FNDA:0,(anonymous_1)
FNDA:0,(anonymous_2)
FNDA:0,(anonymous_3)
FNDA:0,(anonymous_4)
FNDA:0,(anonymous_5)
DA:1,0
DA:2,0
DA:3,0
DA:4,0
DA:5,0
DA:6,0
DA:8,0
DA:11,0
DA:12,0
DA:14,0
DA:21,0
DA:22,0
DA:23,0
DA:24,0
DA:25,0
DA:26,0
DA:28,0
DA:29,0
DA:30,0
DA:31,0
DA:34,0
DA:37,0
DA:40,0
DA:41,0
DA:44,0
DA:45,0
DA:46,0
DA:47,0
DA:51,0
DA:52,0
DA:53,0
DA:54,0
DA:55,0
DA:56,0
DA:59,0
DA:60,0
DA:61,0
DA:62,0
DA:63,0
DA:67,0
DA:68,0
DA:70,0
DA:72,0
DA:73,0
DA:91,0
DA:92,0
DA:93,0
DA:94,0
DA:95,0
DA:98,0
DA:99,0
DA:101,0
DA:102,0
DA:108,0
DA:112,0
LF:55
LH:0
BRDA:22,0,0,0
BRDA:22,0,1,0
BRDA:25,1,0,0
BRDA:25,1,1,0
BRDA:25,2,0,0
BRDA:25,2,1,0
BRDA:30,3,0,0
BRDA:30,3,1,0
BRDA:30,4,0,0
BRDA:30,4,1,0
BRDA:34,5,0,0
BRDA:34,5,1,0
BRDA:45,6,0,0
BRDA:45,6,1,0
BRDA:46,7,0,0
BRDA:46,7,1,0
BRDA:51,8,0,0
BRDA:51,8,1,0
BRDA:52,9,0,0
BRDA:52,9,1,0
BRDA:53,10,0,0
BRDA:53,10,1,0
BRDA:54,11,0,0
BRDA:54,11,1,0
BRDA:54,12,0,0
BRDA:54,12,1,0
BRDA:55,13,0,0
BRDA:55,13,1,0
BRDA:55,14,0,0
BRDA:55,14,1,0
BRDA:56,15,0,0
BRDA:56,15,1,0
BRDA:56,16,0,0
BRDA:56,16,1,0
BRDA:56,16,2,0
BRDA:60,17,0,0
BRDA:60,17,1,0
BRDA:62,18,0,0
BRDA:62,18,1,0
BRDA:68,19,0,0
BRDA:68,19,1,0
BRDA:83,20,0,0
BRDA:83,20,1,0
BRDA:84,21,0,0
BRDA:84,21,1,0
BRDA:85,22,0,0
BRDA:85,22,1,0
BRDA:86,23,0,0
BRDA:86,23,1,0
BRDA:86,23,2,0
BRDA:91,24,0,0
BRDA:91,24,1,0
BRDA:94,25,0,0
BRDA:94,25,1,0
BRDA:101,26,0,0
BRDA:101,26,1,0
BRDA:101,26,2,0
BRDA:104,27,0,0
BRDA:104,27,1,0
BRDA:105,28,0,0
BRDA:105,28,1,0
BRF:61
BRH:0
end_of_record
TN:
SF:ws/log-streaming.js
FN:13,getLogFilePath
FN:17,readNewEntries
FN:47,startWatcher
FN:50,(anonymous_3)
FN:53,(anonymous_4)
FN:55,(anonymous_5)
FN:57,(anonymous_6)
FN:68,(anonymous_7)
FN:74,(anonymous_8)
FN:82,removeClientFromWatcher
FN:94,setupWebSocket
FN:95,(anonymous_11)
FN:98,(anonymous_12)
FN:113,(anonymous_13)
FN:150,(anonymous_14)
FN:161,(anonymous_15)
FNF:16
FNH:10
FNDA:15,getLogFilePath
FNDA:0,readNewEntries
FNDA:12,startWatcher
FNDA:11,(anonymous_3)
FNDA:0,(anonymous_4)
FNDA:0,(anonymous_5)
FNDA:0,(anonymous_6)
FNDA:0,(anonymous_7)
FNDA:0,(anonymous_8)
FNDA:4,removeClientFromWatcher
FNDA:18,setupWebSocket
FNDA:19,(anonymous_11)
FNDA:23,(anonymous_12)
FNDA:2,(anonymous_13)
FNDA:2,(anonymous_14)
FNDA:1,(anonymous_15)
DA:1,18
DA:2,18
DA:3,18
DA:5,18
DA:6,18
DA:7,18
DA:8,18
DA:10,18
DA:11,18
DA:14,15
DA:18,0
DA:20,0
DA:22,0
DA:23,0
DA:25,0
DA:26,0
DA:28,0
DA:29,0
DA:30,0
DA:31,0
DA:32,0
DA:34,0
DA:36,0
DA:37,0
DA:39,0
DA:40,0
DA:41,0
DA:42,0
DA:48,12
DA:50,12
DA:51,11
DA:52,11
DA:53,11
DA:54,0
DA:55,0
DA:57,11
DA:61,12
DA:62,11
DA:64,1
DA:65,1
DA:66,1
DA:67,1
DA:68,1
DA:69,0
DA:70,0
DA:71,0
DA:74,1
DA:78,12
DA:79,12
DA:83,4
DA:84,4
DA:85,4
DA:86,4
DA:87,3
DA:88,3
DA:89,3
DA:90,3
DA:95,18
DA:96,19
DA:98,19
DA:100,23
DA:101,22
DA:103,21
DA:104,19
DA:105,19
DA:106,4
DA:107,4
DA:109,15
DA:110,15
DA:113,15
DA:114,15
DA:115,1
DA:117,15
DA:119,15
DA:120,0
DA:121,0
DA:124,15
DA:125,15
DA:126,15
DA:127,15
DA:128,15
DA:129,15
DA:132,15
DA:133,2
DA:134,2
DA:135,2
DA:136,1
DA:137,1
DA:138,1
DA:139,1
DA:140,1
DA:141,1
DA:142,1
DA:144,1
DA:150,19
DA:151,2
DA:152,2
DA:153,2
DA:154,2
DA:161,18
DA:162,1
DA:163,0
DA:164,0
DA:165,0
DA:166,0
DA:167,0
DA:173,18
LF:107
LH:77
BRDA:22,0,0,0
BRDA:22,0,1,0
BRDA:23,1,0,0
BRDA:23,1,1,0
BRDA:32,2,0,0
BRDA:32,2,1,0
BRDA:42,3,0,0
BRDA:42,3,1,0
BRDA:54,4,0,0
BRDA:54,4,1,0
BRDA:61,5,0,11
BRDA:61,5,1,1
BRDA:69,6,0,0
BRDA:69,6,1,0
BRDA:69,7,0,0
BRDA:69,7,1,0
BRDA:70,8,0,0
BRDA:70,8,1,0
BRDA:84,9,0,0
BRDA:84,9,1,4
BRDA:86,10,0,3
BRDA:86,10,1,1
BRDA:87,11,0,0
BRDA:87,11,1,3
BRDA:88,12,0,3
BRDA:88,12,1,0
BRDA:89,13,0,0
BRDA:89,13,1,3
BRDA:101,14,0,1
BRDA:101,14,1,21
BRDA:101,15,0,22
BRDA:101,15,1,22
BRDA:103,16,0,19
BRDA:103,16,1,2
BRDA:105,17,0,4
BRDA:105,17,1,15
BRDA:105,18,0,19
BRDA:105,18,1,18
BRDA:105,18,2,17
BRDA:105,18,3,16
BRDA:124,19,0,15
BRDA:124,19,1,0
BRDA:126,20,0,12
BRDA:126,20,1,3
BRDA:133,21,0,2
BRDA:133,21,1,0
BRDA:135,22,0,1
BRDA:135,22,1,1
BRDA:138,23,0,1
BRDA:138,23,1,0
BRDA:140,24,0,1
BRDA:140,24,1,0
BRDA:142,25,0,1
BRDA:142,25,1,0
BRDA:152,26,0,2
BRDA:152,26,1,0
BRDA:163,27,0,0
BRDA:163,27,1,0
BRDA:164,28,0,0
BRDA:164,28,1,0
BRDA:165,29,0,0
BRDA:165,29,1,0
BRDA:166,30,0,0
BRDA:166,30,1,0
BRF:64
BRH:30
end_of_record
